{"/home/simon/Code/tech-challenges/jump24/lab/giphy-test/src/App.vue": {"path":"/home/simon/Code/tech-challenges/jump24/lab/giphy-test/src/App.vue","statementMap":{"0":{"start":{"line":19,"column":0},"end":{"line":19,"column":null}},"1":{"start":{"line":20,"column":0},"end":{"line":20,"column":null}},"2":{"start":{"line":24,"column":0},"end":{"line":24,"column":null}}},"fnMap":{"0":{"name":"(anonymous_1)","decl":{"start":{"line":23,"column":0},"end":{"line":23,"column":null}},"loc":{"start":{"line":23,"column":0},"end":{"line":25,"column":null}}}},"branchMap":{},"s":{"0":0,"1":0,"2":0},"f":{"0":0},"b":{}}
,"/home/simon/Code/tech-challenges/jump24/lab/giphy-test/src/main.ts": {"path":"/home/simon/Code/tech-challenges/jump24/lab/giphy-test/src/main.ts","statementMap":{"0":{"start":{"line":1,"column":0},"end":{"line":1,"column":null}},"1":{"start":{"line":2,"column":0},"end":{"line":2,"column":null}},"2":{"start":{"line":3,"column":0},"end":{"line":3,"column":null}},"3":{"start":{"line":4,"column":0},"end":{"line":4,"column":null}},"4":{"start":{"line":6,"column":0},"end":{"line":6,"column":4}},"5":{"start":{"line":8,"column":0},"end":{"line":8,"column":4}},"6":{"start":{"line":11,"column":15},"end":{"line":11,"column":17}}},"fnMap":{"0":{"name":"(anonymous_0)","decl":{"start":{"line":11,"column":10},"end":{"line":11,"column":11}},"loc":{"start":{"line":11,"column":15},"end":{"line":11,"column":17}}}},"branchMap":{},"s":{"0":0,"1":0,"2":0,"3":0,"4":0,"5":0,"6":0},"f":{"0":0},"b":{}}
,"/home/simon/Code/tech-challenges/jump24/lab/giphy-test/src/components/GifCard.vue": {"path":"/home/simon/Code/tech-challenges/jump24/lab/giphy-test/src/components/GifCard.vue","statementMap":{"0":{"start":{"line":8,"column":0},"end":{"line":8,"column":null}},"1":{"start":{"line":11,"column":0},"end":{"line":11,"column":null}},"2":{"start":{"line":12,"column":0},"end":{"line":12,"column":null}}},"fnMap":{},"branchMap":{},"s":{"0":1,"1":2,"2":1},"f":{},"b":{}}
,"/home/simon/Code/tech-challenges/jump24/lab/giphy-test/src/components/GifGrid.vue": {"path":"/home/simon/Code/tech-challenges/jump24/lab/giphy-test/src/components/GifGrid.vue","statementMap":{"0":{"start":{"line":26,"column":0},"end":{"line":26,"column":null}},"1":{"start":{"line":28,"column":0},"end":{"line":28,"column":null}},"2":{"start":{"line":29,"column":0},"end":{"line":29,"column":null}},"3":{"start":{"line":30,"column":0},"end":{"line":30,"column":null}},"4":{"start":{"line":38,"column":0},"end":{"line":38,"column":null}},"5":{"start":{"line":42,"column":0},"end":{"line":42,"column":null}},"6":{"start":{"line":87,"column":0},"end":{"line":95,"column":null}},"7":{"start":{"line":88,"column":0},"end":{"line":88,"column":null}},"8":{"start":{"line":89,"column":0},"end":{"line":94,"column":null}},"9":{"start":{"line":93,"column":0},"end":{"line":93,"column":null}},"10":{"start":{"line":43,"column":0},"end":{"line":43,"column":null}},"11":{"start":{"line":51,"column":0},"end":{"line":51,"column":null}},"12":{"start":{"line":52,"column":0},"end":{"line":52,"column":null}},"13":{"start":{"line":54,"column":0},"end":{"line":54,"column":null}},"14":{"start":{"line":62,"column":0},"end":{"line":62,"column":null}},"15":{"start":{"line":64,"column":0},"end":{"line":64,"column":null}},"16":{"start":{"line":65,"column":0},"end":{"line":65,"column":null}},"17":{"start":{"line":67,"column":0},"end":{"line":67,"column":null}},"18":{"start":{"line":68,"column":0},"end":{"line":68,"column":null}},"19":{"start":{"line":70,"column":0},"end":{"line":70,"column":null}},"20":{"start":{"line":74,"column":0},"end":{"line":74,"column":null}},"21":{"start":{"line":78,"column":0},"end":{"line":78,"column":null}},"22":{"start":{"line":79,"column":0},"end":{"line":81,"column":null}},"23":{"start":{"line":80,"column":0},"end":{"line":80,"column":null}},"24":{"start":{"line":84,"column":0},"end":{"line":84,"column":null}},"25":{"start":{"line":46,"column":0},"end":{"line":46,"column":null}},"26":{"start":{"line":47,"column":0},"end":{"line":47,"column":null}},"27":{"start":{"line":48,"column":0},"end":{"line":48,"column":null}},"28":{"start":{"line":38,"column":0},"end":{"line":32,"column":null}}},"fnMap":{"0":{"name":"(anonymous_1)","decl":{"start":{"line":41,"column":0},"end":{"line":41,"column":null}},"loc":{"start":{"line":41,"column":0},"end":{"line":44,"column":null}}},"1":{"name":"(anonymous_2)","decl":{"start":{"line":87,"column":0},"end":{"line":87,"column":null}},"loc":{"start":{"line":87,"column":0},"end":{"line":95,"column":null}}},"2":{"name":"(anonymous_3)","decl":{"start":{"line":50,"column":0},"end":{"line":50,"column":null}},"loc":{"start":{"line":50,"column":0},"end":{"line":71,"column":null}}},"3":{"name":"(anonymous_4)","decl":{"start":{"line":73,"column":0},"end":{"line":73,"column":null}},"loc":{"start":{"line":73,"column":0},"end":{"line":75,"column":null}}},"4":{"name":"(anonymous_5)","decl":{"start":{"line":77,"column":0},"end":{"line":77,"column":null}},"loc":{"start":{"line":77,"column":0},"end":{"line":85,"column":null}}},"5":{"name":"(anonymous_6)","decl":{"start":{"line":79,"column":0},"end":{"line":79,"column":null}},"loc":{"start":{"line":79,"column":0},"end":{"line":81,"column":null}}}},"branchMap":{"0":{"loc":{"start":{"line":89,"column":0},"end":{"line":94,"column":null}},"type":"if","locations":[{"start":{"line":89,"column":0},"end":{"line":94,"column":null}},{"start":{"line":89,"column":0},"end":{"line":94,"column":null}}]},"1":{"loc":{"start":{"line":53,"column":0},"end":{"line":62,"column":null}},"type":"switch","locations":[{"start":{"line":53,"column":0},"end":{"line":62,"column":null}},{"start":{"line":63,"column":0},"end":{"line":65,"column":null}},{"start":{"line":66,"column":0},"end":{"line":68,"column":null}}]}},"s":{"0":1,"1":1,"2":1,"3":1,"4":1,"5":3,"6":3,"7":0,"8":0,"9":0,"10":3,"11":3,"12":3,"13":1,"14":1,"15":1,"16":1,"17":1,"18":1,"19":3,"20":3,"21":0,"22":0,"23":0,"24":0,"25":1,"26":1,"27":1,"28":1},"f":{"0":3,"1":0,"2":3,"3":3,"4":0,"5":0},"b":{"0":[0,0],"1":[1,1,1]}}
,"/home/simon/Code/tech-challenges/jump24/lab/giphy-test/src/components/SearchBar.vue": {"path":"/home/simon/Code/tech-challenges/jump24/lab/giphy-test/src/components/SearchBar.vue","statementMap":{"0":{"start":{"line":32,"column":0},"end":{"line":32,"column":null}},"1":{"start":{"line":33,"column":0},"end":{"line":33,"column":null}},"2":{"start":{"line":36,"column":0},"end":{"line":36,"column":null}},"3":{"start":{"line":46,"column":0},"end":{"line":49,"column":null}},"4":{"start":{"line":47,"column":0},"end":{"line":47,"column":null}},"5":{"start":{"line":48,"column":0},"end":{"line":48,"column":null}},"6":{"start":{"line":39,"column":0},"end":{"line":39,"column":null}},"7":{"start":{"line":43,"column":0},"end":{"line":43,"column":null}},"8":{"start":{"line":52,"column":0},"end":{"line":52,"column":null}}},"fnMap":{"0":{"name":"(anonymous_1)","decl":{"start":{"line":36,"column":0},"end":{"line":36,"column":null}},"loc":{"start":{"line":36,"column":0},"end":{"line":54,"column":null}}},"1":{"name":"(anonymous_2)","decl":{"start":{"line":46,"column":0},"end":{"line":46,"column":null}},"loc":{"start":{"line":46,"column":0},"end":{"line":49,"column":null}}},"2":{"name":"(anonymous_3)","decl":{"start":{"line":38,"column":0},"end":{"line":38,"column":null}},"loc":{"start":{"line":38,"column":0},"end":{"line":40,"column":null}}},"3":{"name":"(anonymous_4)","decl":{"start":{"line":42,"column":0},"end":{"line":42,"column":null}},"loc":{"start":{"line":42,"column":0},"end":{"line":44,"column":null}}},"4":{"name":"(anonymous_5)","decl":{"start":{"line":51,"column":0},"end":{"line":51,"column":null}},"loc":{"start":{"line":51,"column":0},"end":{"line":53,"column":null}}}},"branchMap":{},"s":{"0":1,"1":1,"2":2,"3":1,"4":0,"5":0,"6":1,"7":1,"8":0},"f":{"0":1,"1":0,"2":1,"3":1,"4":0},"b":{}}
,"/home/simon/Code/tech-challenges/jump24/lab/giphy-test/src/router/index.ts": {"path":"/home/simon/Code/tech-challenges/jump24/lab/giphy-test/src/router/index.ts","statementMap":{"0":{"start":{"line":1,"column":0},"end":{"line":1,"column":null}},"1":{"start":{"line":2,"column":0},"end":{"line":2,"column":null}},"2":{"start":{"line":3,"column":0},"end":{"line":3,"column":null}},"3":{"start":{"line":4,"column":0},"end":{"line":4,"column":null}},"4":{"start":{"line":5,"column":0},"end":{"line":5,"column":null}},"5":{"start":{"line":7,"column":0},"end":{"line":7,"column":4}},"6":{"start":{"line":9,"column":35},"end":{"line":9,"column":null}},"7":{"start":{"line":31,"column":15},"end":{"line":31,"column":19}},"8":{"start":{"line":35,"column":15},"end":{"line":35,"column":null}}},"fnMap":{},"branchMap":{},"s":{"0":0,"1":0,"2":0,"3":0,"4":0,"5":0,"6":0,"7":0,"8":0},"f":{},"b":{}}
,"/home/simon/Code/tech-challenges/jump24/lab/giphy-test/src/store/index.ts": {"path":"/home/simon/Code/tech-challenges/jump24/lab/giphy-test/src/store/index.ts","statementMap":{"0":{"start":{"line":1,"column":0},"end":{"line":1,"column":null}},"1":{"start":{"line":2,"column":0},"end":{"line":2,"column":null}},"2":{"start":{"line":3,"column":0},"end":{"line":3,"column":null}},"3":{"start":{"line":5,"column":0},"end":{"line":5,"column":4}},"4":{"start":{"line":7,"column":15},"end":{"line":7,"column":19}},"5":{"start":{"line":23,"column":6},"end":{"line":23,"column":11}},"6":{"start":{"line":26,"column":18},"end":{"line":26,"column":22}},"7":{"start":{"line":27,"column":6},"end":{"line":27,"column":11}},"8":{"start":{"line":28,"column":8},"end":{"line":28,"column":15}},"9":{"start":{"line":30,"column":6},"end":{"line":30,"column":13}},"10":{"start":{"line":33,"column":6},"end":{"line":33,"column":11}},"11":{"start":{"line":36,"column":6},"end":{"line":36,"column":11}},"12":{"start":{"line":39,"column":6},"end":{"line":39,"column":11}},"13":{"start":{"line":42,"column":6},"end":{"line":42,"column":11}},"14":{"start":{"line":45,"column":18},"end":{"line":45,"column":22}},"15":{"start":{"line":46,"column":6},"end":{"line":46,"column":11}},"16":{"start":{"line":47,"column":8},"end":{"line":47,"column":15}},"17":{"start":{"line":49,"column":6},"end":{"line":49,"column":13}},"18":{"start":{"line":52,"column":6},"end":{"line":52,"column":11}},"19":{"start":{"line":55,"column":6},"end":{"line":55,"column":11}},"20":{"start":{"line":58,"column":6},"end":{"line":58,"column":11}},"21":{"start":{"line":61,"column":6},"end":{"line":61,"column":11}},"22":{"start":{"line":69,"column":25},"end":{"line":69,"column":null}},"23":{"start":{"line":72,"column":18},"end":{"line":72,"column":null}},"24":{"start":{"line":75,"column":6},"end":{"line":75,"column":12}},"25":{"start":{"line":76,"column":28},"end":{"line":76,"column":32}},"26":{"start":{"line":77,"column":8},"end":{"line":77,"column":19}},"27":{"start":{"line":78,"column":24},"end":{"line":78,"column":26}},"28":{"start":{"line":80,"column":8},"end":{"line":86,"column":null}},"29":{"start":{"line":81,"column":10},"end":{"line":81,"column":14}},"30":{"start":{"line":83,"column":12},"end":{"line":83,"column":16}},"31":{"start":{"line":84,"column":12},"end":{"line":84,"column":19}},"32":{"start":{"line":89,"column":8},"end":{"line":89,"column":13}},"33":{"start":{"line":92,"column":8},"end":{"line":92,"column":14}},"34":{"start":{"line":93,"column":10},"end":{"line":93,"column":15}},"35":{"start":{"line":100,"column":18},"end":{"line":100,"column":null}},"36":{"start":{"line":102,"column":25},"end":{"line":102,"column":null}},"37":{"start":{"line":105,"column":6},"end":{"line":105,"column":12}},"38":{"start":{"line":106,"column":28},"end":{"line":106,"column":32}},"39":{"start":{"line":107,"column":8},"end":{"line":107,"column":19}},"40":{"start":{"line":108,"column":24},"end":{"line":108,"column":26}},"41":{"start":{"line":110,"column":8},"end":{"line":116,"column":null}},"42":{"start":{"line":111,"column":10},"end":{"line":111,"column":14}},"43":{"start":{"line":113,"column":12},"end":{"line":113,"column":16}},"44":{"start":{"line":114,"column":12},"end":{"line":114,"column":19}},"45":{"start":{"line":119,"column":8},"end":{"line":119,"column":13}},"46":{"start":{"line":122,"column":8},"end":{"line":122,"column":14}},"47":{"start":{"line":123,"column":10},"end":{"line":123,"column":15}},"48":{"start":{"line":128,"column":6},"end":{"line":128,"column":11}},"49":{"start":{"line":131,"column":23},"end":{"line":131,"column":27}},"50":{"start":{"line":133,"column":22},"end":{"line":133,"column":null}},"51":{"start":{"line":136,"column":6},"end":{"line":139,"column":null}},"52":{"start":{"line":136,"column":19},"end":{"line":136,"column":22}},"53":{"start":{"line":138,"column":8},"end":{"line":138,"column":16}},"54":{"start":{"line":142,"column":6},"end":{"line":142,"column":13}},"55":{"start":{"line":143,"column":8},"end":{"line":143,"column":13}},"56":{"start":{"line":150,"column":25},"end":{"line":150,"column":null}},"57":{"start":{"line":153,"column":34},"end":{"line":153,"column":null}},"58":{"start":{"line":156,"column":23},"end":{"line":156,"column":27}},"59":{"start":{"line":159,"column":6},"end":{"line":168,"column":null}},"60":{"start":{"line":159,"column":19},"end":{"line":159,"column":22}},"61":{"start":{"line":161,"column":8},"end":{"line":161,"column":16}},"62":{"start":{"line":163,"column":12},"end":{"line":165,"column":null}},"63":{"start":{"line":164,"column":14},"end":{"line":164,"column":21}},"64":{"start":{"line":171,"column":6},"end":{"line":171,"column":13}},"65":{"start":{"line":173,"column":8},"end":{"line":173,"column":13}},"66":{"start":{"line":174,"column":8},"end":{"line":176,"column":null}},"67":{"start":{"line":175,"column":10},"end":{"line":175,"column":15}},"68":{"start":{"line":180,"column":6},"end":{"line":180,"column":11}},"69":{"start":{"line":182,"column":6},"end":{"line":184,"column":null}},"70":{"start":{"line":183,"column":8},"end":{"line":183,"column":14}},"71":{"start":{"line":185,"column":22},"end":{"line":185,"column":null}},"72":{"start":{"line":186,"column":20},"end":{"line":186,"column":null}},"73":{"start":{"line":187,"column":23},"end":{"line":187,"column":28}},"74":{"start":{"line":189,"column":6},"end":{"line":189,"column":11}},"75":{"start":{"line":191,"column":6},"end":{"line":191,"column":11}},"76":{"start":{"line":197,"column":25},"end":{"line":197,"column":null}},"77":{"start":{"line":200,"column":6},"end":{"line":200,"column":12}},"78":{"start":{"line":201,"column":24},"end":{"line":201,"column":26}},"79":{"start":{"line":203,"column":8},"end":{"line":205,"column":null}},"80":{"start":{"line":204,"column":10},"end":{"line":204,"column":14}},"81":{"start":{"line":208,"column":8},"end":{"line":208,"column":13}},"82":{"start":{"line":213,"column":29},"end":{"line":215,"column":null}},"83":{"start":{"line":214,"column":6},"end":{"line":214,"column":13}},"84":{"start":{"line":216,"column":27},"end":{"line":230,"column":null}},"85":{"start":{"line":218,"column":6},"end":{"line":218,"column":14}},"86":{"start":{"line":220,"column":10},"end":{"line":220,"column":17}},"87":{"start":{"line":221,"column":10},"end":{"line":221,"column":null}},"88":{"start":{"line":223,"column":10},"end":{"line":223,"column":17}},"89":{"start":{"line":224,"column":10},"end":{"line":224,"column":null}},"90":{"start":{"line":226,"column":10},"end":{"line":226,"column":17}},"91":{"start":{"line":227,"column":10},"end":{"line":227,"column":null}},"92":{"start":{"line":229,"column":6},"end":{"line":229,"column":13}},"93":{"start":{"line":231,"column":27},"end":{"line":233,"column":null}},"94":{"start":{"line":232,"column":6},"end":{"line":232,"column":13}},"95":{"start":{"line":234,"column":23},"end":{"line":236,"column":null}},"96":{"start":{"line":235,"column":6},"end":{"line":235,"column":13}}},"fnMap":{"0":{"name":"(anonymous_0)","decl":{"start":{"line":22,"column":4},"end":{"line":22,"column":18}},"loc":{"start":{"line":22,"column":30},"end":{"line":24,"column":null}}},"1":{"name":"(anonymous_1)","decl":{"start":{"line":25,"column":4},"end":{"line":25,"column":20}},"loc":{"start":{"line":25,"column":26},"end":{"line":31,"column":null}}},"2":{"name":"(anonymous_2)","decl":{"start":{"line":27,"column":52},"end":{"line":27,"column":65}},"loc":{"start":{"line":27,"column":65},"end":{"line":29,"column":null}}},"3":{"name":"(anonymous_3)","decl":{"start":{"line":32,"column":4},"end":{"line":32,"column":21}},"loc":{"start":{"line":32,"column":36},"end":{"line":34,"column":null}}},"4":{"name":"(anonymous_4)","decl":{"start":{"line":35,"column":4},"end":{"line":35,"column":20}},"loc":{"start":{"line":35,"column":26},"end":{"line":37,"column":null}}},"5":{"name":"(anonymous_5)","decl":{"start":{"line":38,"column":4},"end":{"line":38,"column":19}},"loc":{"start":{"line":38,"column":35},"end":{"line":40,"column":null}}},"6":{"name":"(anonymous_6)","decl":{"start":{"line":41,"column":4},"end":{"line":41,"column":20}},"loc":{"start":{"line":41,"column":32},"end":{"line":43,"column":null}}},"7":{"name":"(anonymous_7)","decl":{"start":{"line":44,"column":4},"end":{"line":44,"column":22}},"loc":{"start":{"line":44,"column":28},"end":{"line":50,"column":null}}},"8":{"name":"(anonymous_8)","decl":{"start":{"line":46,"column":56},"end":{"line":46,"column":69}},"loc":{"start":{"line":46,"column":69},"end":{"line":48,"column":null}}},"9":{"name":"(anonymous_9)","decl":{"start":{"line":51,"column":4},"end":{"line":51,"column":20}},"loc":{"start":{"line":51,"column":35},"end":{"line":53,"column":null}}},"10":{"name":"(anonymous_10)","decl":{"start":{"line":54,"column":4},"end":{"line":54,"column":25}},"loc":{"start":{"line":54,"column":40},"end":{"line":56,"column":null}}},"11":{"name":"(anonymous_11)","decl":{"start":{"line":57,"column":4},"end":{"line":57,"column":16}},"loc":{"start":{"line":57,"column":28},"end":{"line":59,"column":null}}},"12":{"name":"(anonymous_12)","decl":{"start":{"line":60,"column":4},"end":{"line":60,"column":12}},"loc":{"start":{"line":60,"column":25},"end":{"line":62,"column":null}}},"13":{"name":"(anonymous_13)","decl":{"start":{"line":65,"column":4},"end":{"line":65,"column":20}},"loc":{"start":{"line":65,"column":26},"end":{"line":96,"column":null}}},"14":{"name":"(anonymous_14)","decl":{"start":{"line":75,"column":33},"end":{"line":75,"column":36}},"loc":{"start":{"line":75,"column":39},"end":{"line":95,"column":null}}},"15":{"name":"(anonymous_15)","decl":{"start":{"line":81,"column":35},"end":{"line":81,"column":39}},"loc":{"start":{"line":81,"column":42},"end":{"line":85,"column":null}}},"16":{"name":"(anonymous_16)","decl":{"start":{"line":92,"column":26},"end":{"line":92,"column":31}},"loc":{"start":{"line":92,"column":31},"end":{"line":94,"column":11}}},"17":{"name":"(anonymous_17)","decl":{"start":{"line":97,"column":4},"end":{"line":97,"column":15}},"loc":{"start":{"line":97,"column":21},"end":{"line":126,"column":null}}},"18":{"name":"(anonymous_18)","decl":{"start":{"line":105,"column":33},"end":{"line":105,"column":36}},"loc":{"start":{"line":105,"column":39},"end":{"line":125,"column":null}}},"19":{"name":"(anonymous_19)","decl":{"start":{"line":111,"column":35},"end":{"line":111,"column":39}},"loc":{"start":{"line":111,"column":42},"end":{"line":115,"column":null}}},"20":{"name":"(anonymous_20)","decl":{"start":{"line":122,"column":26},"end":{"line":122,"column":31}},"loc":{"start":{"line":122,"column":31},"end":{"line":124,"column":11}}},"21":{"name":"(anonymous_21)","decl":{"start":{"line":127,"column":4},"end":{"line":127,"column":20}},"loc":{"start":{"line":127,"column":26},"end":{"line":145,"column":null}}},"22":{"name":"(anonymous_22)","decl":{"start":{"line":142,"column":33},"end":{"line":142,"column":38}},"loc":{"start":{"line":142,"column":38},"end":{"line":144,"column":null}}},"23":{"name":"(anonymous_23)","decl":{"start":{"line":146,"column":4},"end":{"line":146,"column":20}},"loc":{"start":{"line":146,"column":26},"end":{"line":178,"column":null}}},"24":{"name":"(anonymous_24)","decl":{"start":{"line":162,"column":37},"end":{"line":162,"column":40}},"loc":{"start":{"line":162,"column":43},"end":{"line":166,"column":null}}},"25":{"name":"(anonymous_25)","decl":{"start":{"line":171,"column":33},"end":{"line":171,"column":38}},"loc":{"start":{"line":171,"column":38},"end":{"line":177,"column":null}}},"26":{"name":"(anonymous_26)","decl":{"start":{"line":179,"column":4},"end":{"line":179,"column":10}},"loc":{"start":{"line":179,"column":36},"end":{"line":192,"column":null}}},"27":{"name":"(anonymous_27)","decl":{"start":{"line":193,"column":4},"end":{"line":193,"column":18}},"loc":{"start":{"line":193,"column":24},"end":{"line":210,"column":null}}},"28":{"name":"(anonymous_28)","decl":{"start":{"line":200,"column":33},"end":{"line":200,"column":36}},"loc":{"start":{"line":200,"column":39},"end":{"line":209,"column":null}}},"29":{"name":"(anonymous_29)","decl":{"start":{"line":213,"column":20},"end":{"line":213,"column":25}},"loc":{"start":{"line":213,"column":29},"end":{"line":215,"column":null}}},"30":{"name":"(anonymous_30)","decl":{"start":{"line":213,"column":29},"end":{"line":213,"column":30}},"loc":{"start":{"line":213,"column":54},"end":{"line":215,"column":null}}},"31":{"name":"(anonymous_31)","decl":{"start":{"line":216,"column":18},"end":{"line":216,"column":23}},"loc":{"start":{"line":216,"column":27},"end":{"line":230,"column":null}}},"32":{"name":"(anonymous_32)","decl":{"start":{"line":216,"column":27},"end":{"line":216,"column":38}},"loc":{"start":{"line":216,"column":41},"end":{"line":230,"column":null}}},"33":{"name":"(anonymous_33)","decl":{"start":{"line":231,"column":18},"end":{"line":231,"column":23}},"loc":{"start":{"line":231,"column":27},"end":{"line":233,"column":null}}},"34":{"name":"(anonymous_34)","decl":{"start":{"line":231,"column":27},"end":{"line":231,"column":32}},"loc":{"start":{"line":231,"column":32},"end":{"line":233,"column":null}}},"35":{"name":"(anonymous_35)","decl":{"start":{"line":234,"column":14},"end":{"line":234,"column":19}},"loc":{"start":{"line":234,"column":23},"end":{"line":236,"column":null}}},"36":{"name":"(anonymous_36)","decl":{"start":{"line":234,"column":23},"end":{"line":234,"column":28}},"loc":{"start":{"line":234,"column":28},"end":{"line":236,"column":null}}}},"branchMap":{"0":{"loc":{"start":{"line":80,"column":8},"end":{"line":86,"column":null}},"type":"if","locations":[{"start":{"line":80,"column":8},"end":{"line":86,"column":null}},{"start":{"line":80,"column":8},"end":{"line":86,"column":null}}]},"1":{"loc":{"start":{"line":110,"column":8},"end":{"line":116,"column":null}},"type":"if","locations":[{"start":{"line":110,"column":8},"end":{"line":116,"column":null}},{"start":{"line":110,"column":8},"end":{"line":116,"column":null}}]},"2":{"loc":{"start":{"line":163,"column":12},"end":{"line":165,"column":null}},"type":"if","locations":[{"start":{"line":163,"column":12},"end":{"line":165,"column":null}},{"start":{"line":163,"column":12},"end":{"line":165,"column":null}}]},"3":{"loc":{"start":{"line":174,"column":8},"end":{"line":176,"column":null}},"type":"if","locations":[{"start":{"line":174,"column":8},"end":{"line":176,"column":null}},{"start":{"line":174,"column":8},"end":{"line":176,"column":null}}]},"4":{"loc":{"start":{"line":182,"column":6},"end":{"line":184,"column":null}},"type":"if","locations":[{"start":{"line":182,"column":6},"end":{"line":184,"column":null}},{"start":{"line":182,"column":6},"end":{"line":184,"column":null}}]},"5":{"loc":{"start":{"line":203,"column":8},"end":{"line":205,"column":null}},"type":"if","locations":[{"start":{"line":203,"column":8},"end":{"line":205,"column":null}},{"start":{"line":203,"column":8},"end":{"line":205,"column":null}}]},"6":{"loc":{"start":{"line":219,"column":8},"end":{"line":221,"column":null}},"type":"switch","locations":[{"start":{"line":219,"column":8},"end":{"line":221,"column":null}},{"start":{"line":222,"column":8},"end":{"line":224,"column":null}},{"start":{"line":225,"column":8},"end":{"line":227,"column":null}}]}},"s":{"0":1,"1":1,"2":1,"3":1,"4":1,"5":0,"6":0,"7":0,"8":0,"9":0,"10":0,"11":0,"12":0,"13":0,"14":0,"15":0,"16":0,"17":0,"18":0,"19":0,"20":0,"21":0,"22":0,"23":0,"24":0,"25":0,"26":0,"27":0,"28":0,"29":0,"30":0,"31":0,"32":0,"33":0,"34":0,"35":0,"36":0,"37":0,"38":0,"39":0,"40":0,"41":0,"42":0,"43":0,"44":0,"45":0,"46":0,"47":0,"48":0,"49":0,"50":0,"51":0,"52":0,"53":0,"54":0,"55":0,"56":0,"57":0,"58":0,"59":0,"60":0,"61":0,"62":0,"63":0,"64":0,"65":0,"66":0,"67":0,"68":0,"69":0,"70":0,"71":0,"72":0,"73":0,"74":0,"75":0,"76":0,"77":0,"78":0,"79":0,"80":0,"81":0,"82":0,"83":0,"84":1,"85":3,"86":1,"87":1,"88":1,"89":1,"90":1,"91":1,"92":3,"93":1,"94":1,"95":1,"96":1},"f":{"0":0,"1":0,"2":0,"3":0,"4":0,"5":0,"6":0,"7":0,"8":0,"9":0,"10":0,"11":0,"12":0,"13":0,"14":0,"15":0,"16":0,"17":0,"18":0,"19":0,"20":0,"21":0,"22":0,"23":0,"24":0,"25":0,"26":0,"27":0,"28":0,"29":0,"30":0,"31":1,"32":3,"33":1,"34":1,"35":1,"36":1},"b":{"0":[0,0],"1":[0,0],"2":[0,0],"3":[0,0],"4":[0,0],"5":[0,0],"6":[1,1,1]}}
,"/home/simon/Code/tech-challenges/jump24/lab/giphy-test/src/views/MostPopular.vue": {"path":"/home/simon/Code/tech-challenges/jump24/lab/giphy-test/src/views/MostPopular.vue","statementMap":{"0":{"start":{"line":12,"column":0},"end":{"line":12,"column":null}}},"fnMap":{},"branchMap":{},"s":{"0":0},"f":{},"b":{}}
,"/home/simon/Code/tech-challenges/jump24/lab/giphy-test/src/views/Random.vue": {"path":"/home/simon/Code/tech-challenges/jump24/lab/giphy-test/src/views/Random.vue","statementMap":{"0":{"start":{"line":12,"column":0},"end":{"line":12,"column":null}},"1":{"start":{"line":13,"column":0},"end":{"line":13,"column":null}},"2":{"start":{"line":14,"column":0},"end":{"line":14,"column":null}},"3":{"start":{"line":21,"column":0},"end":{"line":21,"column":null}},"4":{"start":{"line":23,"column":0},"end":{"line":23,"column":null}},"5":{"start":{"line":24,"column":0},"end":{"line":26,"column":null}},"6":{"start":{"line":25,"column":0},"end":{"line":25,"column":null}},"7":{"start":{"line":21,"column":0},"end":{"line":16,"column":null}}},"fnMap":{"0":{"name":"(anonymous_1)","decl":{"start":{"line":22,"column":0},"end":{"line":22,"column":null}},"loc":{"start":{"line":22,"column":0},"end":{"line":27,"column":null}}},"1":{"name":"(anonymous_2)","decl":{"start":{"line":24,"column":0},"end":{"line":24,"column":null}},"loc":{"start":{"line":24,"column":0},"end":{"line":26,"column":null}}}},"branchMap":{},"s":{"0":0,"1":0,"2":0,"3":0,"4":0,"5":0,"6":0,"7":0},"f":{"0":0,"1":0},"b":{}}
,"/home/simon/Code/tech-challenges/jump24/lab/giphy-test/src/views/Search.vue": {"path":"/home/simon/Code/tech-challenges/jump24/lab/giphy-test/src/views/Search.vue","statementMap":{"0":{"start":{"line":12,"column":0},"end":{"line":12,"column":null}}},"fnMap":{},"branchMap":{},"s":{"0":0},"f":{},"b":{}}
}
