TN:
SF:/home/simon/Code/tech-challenges/jump24/lab/giphy-test/src/App.vue
FN:23,(anonymous_1)
FNF:1
FNH:1
FNDA:1,(anonymous_1)
DA:19,1
DA:20,1
DA:24,1
LF:3
LH:3
BRF:0
BRH:0
end_of_record
TN:
SF:/home/simon/Code/tech-challenges/jump24/lab/giphy-test/src/main.ts
FN:11,(anonymous_0)
FNF:1
FNH:0
FNDA:0,(anonymous_0)
DA:1,0
DA:2,0
DA:3,0
DA:4,0
DA:6,0
DA:8,0
DA:11,0
LF:7
LH:0
BRF:0
BRH:0
end_of_record
TN:
SF:/home/simon/Code/tech-challenges/jump24/lab/giphy-test/src/components/GifCard.vue
FNF:0
FNH:0
DA:8,2
DA:11,4
DA:12,2
LF:3
LH:3
BRF:0
BRH:0
end_of_record
TN:
SF:/home/simon/Code/tech-challenges/jump24/lab/giphy-test/src/components/GifGrid.vue
FN:41,(anonymous_1)
FN:87,(anonymous_2)
FN:50,(anonymous_3)
FN:73,(anonymous_4)
FN:77,(anonymous_5)
FN:79,(anonymous_6)
FNF:6
FNH:3
FNDA:3,(anonymous_1)
FNDA:0,(anonymous_2)
FNDA:3,(anonymous_3)
FNDA:3,(anonymous_4)
FNDA:0,(anonymous_5)
FNDA:0,(anonymous_6)
DA:26,2
DA:28,2
DA:29,2
DA:30,2
DA:38,2
DA:42,3
DA:43,3
DA:46,2
DA:47,2
DA:48,2
DA:51,3
DA:52,3
DA:54,1
DA:62,1
DA:64,1
DA:65,1
DA:67,1
DA:68,1
DA:70,3
DA:74,3
DA:78,0
DA:79,0
DA:80,0
DA:84,0
DA:87,3
DA:88,0
DA:89,0
DA:93,0
LF:28
LH:21
BRDA:89,0,0,0
BRDA:89,0,1,0
BRDA:53,1,0,1
BRDA:53,1,1,1
BRDA:53,1,2,1
BRF:5
BRH:3
end_of_record
TN:
SF:/home/simon/Code/tech-challenges/jump24/lab/giphy-test/src/components/SearchBar.vue
FN:36,(anonymous_1)
FN:45,(anonymous_2)
FN:37,(anonymous_3)
FN:41,(anonymous_4)
FN:50,(anonymous_5)
FNF:5
FNH:3
FNDA:1,(anonymous_1)
FNDA:0,(anonymous_2)
FNDA:1,(anonymous_3)
FNDA:1,(anonymous_4)
FNDA:0,(anonymous_5)
DA:32,2
DA:33,2
DA:36,4
DA:38,1
DA:42,1
DA:45,1
DA:46,0
DA:47,0
DA:51,0
LF:9
LH:6
BRF:0
BRH:0
end_of_record
TN:
SF:/home/simon/Code/tech-challenges/jump24/lab/giphy-test/src/router/index.ts
FNF:0
FNH:0
DA:1,0
DA:2,0
DA:3,0
DA:4,0
DA:5,0
DA:7,0
DA:9,0
DA:31,0
DA:35,0
LF:9
LH:0
BRF:0
BRH:0
end_of_record
TN:
SF:/home/simon/Code/tech-challenges/jump24/lab/giphy-test/src/store/index.ts
FN:22,(anonymous_0)
FN:25,(anonymous_1)
FN:27,(anonymous_2)
FN:32,(anonymous_3)
FN:35,(anonymous_4)
FN:38,(anonymous_5)
FN:41,(anonymous_6)
FN:44,(anonymous_7)
FN:46,(anonymous_8)
FN:51,(anonymous_9)
FN:54,(anonymous_10)
FN:57,(anonymous_11)
FN:60,(anonymous_12)
FN:65,(anonymous_13)
FN:75,(anonymous_14)
FN:81,(anonymous_15)
FN:92,(anonymous_16)
FN:97,(anonymous_17)
FN:105,(anonymous_18)
FN:111,(anonymous_19)
FN:122,(anonymous_20)
FN:127,(anonymous_21)
FN:142,(anonymous_22)
FN:146,(anonymous_23)
FN:162,(anonymous_24)
FN:171,(anonymous_25)
FN:179,(anonymous_26)
FN:193,(anonymous_27)
FN:200,(anonymous_28)
FN:213,(anonymous_29)
FN:213,(anonymous_30)
FN:216,(anonymous_31)
FN:216,(anonymous_32)
FN:231,(anonymous_33)
FN:231,(anonymous_34)
FN:234,(anonymous_35)
FN:234,(anonymous_36)
FNF:37
FNH:11
FNDA:0,(anonymous_0)
FNDA:0,(anonymous_1)
FNDA:0,(anonymous_2)
FNDA:0,(anonymous_3)
FNDA:0,(anonymous_4)
FNDA:0,(anonymous_5)
FNDA:0,(anonymous_6)
FNDA:0,(anonymous_7)
FNDA:0,(anonymous_8)
FNDA:0,(anonymous_9)
FNDA:2,(anonymous_10)
FNDA:0,(anonymous_11)
FNDA:0,(anonymous_12)
FNDA:1,(anonymous_13)
FNDA:0,(anonymous_14)
FNDA:0,(anonymous_15)
FNDA:0,(anonymous_16)
FNDA:0,(anonymous_17)
FNDA:0,(anonymous_18)
FNDA:0,(anonymous_19)
FNDA:0,(anonymous_20)
FNDA:1,(anonymous_21)
FNDA:1,(anonymous_22)
FNDA:10,(anonymous_23)
FNDA:0,(anonymous_24)
FNDA:0,(anonymous_25)
FNDA:0,(anonymous_26)
FNDA:0,(anonymous_27)
FNDA:0,(anonymous_28)
FNDA:0,(anonymous_29)
FNDA:0,(anonymous_30)
FNDA:1,(anonymous_31)
FNDA:3,(anonymous_32)
FNDA:1,(anonymous_33)
FNDA:1,(anonymous_34)
FNDA:1,(anonymous_35)
FNDA:1,(anonymous_36)
DA:1,3
DA:2,3
DA:3,3
DA:5,3
DA:7,3
DA:23,0
DA:26,0
DA:27,0
DA:28,0
DA:30,0
DA:33,0
DA:36,0
DA:39,0
DA:42,0
DA:45,0
DA:46,0
DA:47,0
DA:49,0
DA:52,0
DA:55,2
DA:58,0
DA:61,0
DA:69,1
DA:72,1
DA:75,1
DA:76,0
DA:77,0
DA:78,0
DA:80,0
DA:81,0
DA:83,0
DA:84,0
DA:89,0
DA:92,0
DA:93,0
DA:100,0
DA:102,0
DA:105,0
DA:106,0
DA:107,0
DA:108,0
DA:110,0
DA:111,0
DA:113,0
DA:114,0
DA:119,0
DA:122,0
DA:123,0
DA:128,1
DA:131,1
DA:133,1
DA:136,1
DA:138,10
DA:142,1
DA:143,1
DA:150,10
DA:153,10
DA:156,10
DA:159,10
DA:161,100
DA:163,0
DA:164,0
DA:171,10
DA:173,0
DA:174,0
DA:175,0
DA:180,0
DA:182,0
DA:183,0
DA:185,0
DA:186,0
DA:187,0
DA:189,0
DA:191,0
DA:197,0
DA:200,0
DA:201,0
DA:203,0
DA:204,0
DA:208,0
DA:213,0
DA:214,0
DA:216,1
DA:218,3
DA:220,1
DA:221,1
DA:223,1
DA:224,1
DA:226,1
DA:227,1
DA:229,3
DA:231,1
DA:232,1
DA:234,1
DA:235,1
LF:95
LH:35
BRDA:80,0,0,0
BRDA:80,0,1,0
BRDA:110,1,0,0
BRDA:110,1,1,0
BRDA:163,2,0,0
BRDA:163,2,1,0
BRDA:174,3,0,0
BRDA:174,3,1,0
BRDA:182,4,0,0
BRDA:182,4,1,0
BRDA:203,5,0,0
BRDA:203,5,1,0
BRDA:219,6,0,1
BRDA:219,6,1,1
BRDA:219,6,2,1
BRF:15
BRH:3
end_of_record
TN:
SF:/home/simon/Code/tech-challenges/jump24/lab/giphy-test/src/views/MostPopular.vue
FNF:0
FNH:0
DA:12,1
LF:1
LH:1
BRF:0
BRH:0
end_of_record
TN:
SF:/home/simon/Code/tech-challenges/jump24/lab/giphy-test/src/views/Random.vue
FN:22,(anonymous_1)
FN:24,(anonymous_2)
FNF:2
FNH:1
FNDA:1,(anonymous_1)
FNDA:0,(anonymous_2)
DA:12,1
DA:13,1
DA:14,1
DA:21,1
DA:23,1
DA:24,1
DA:25,0
LF:7
LH:6
BRF:0
BRH:0
end_of_record
TN:
SF:/home/simon/Code/tech-challenges/jump24/lab/giphy-test/src/views/Search.vue
FNF:0
FNH:0
DA:12,1
LF:1
LH:1
BRF:0
BRH:0
end_of_record
